> Task :app:checkKotlinGradlePluginConfigurationErrors SKIPPED
> Task :app:preBuild UP-TO-DATE
> Task :app:preDebugBuild UP-TO-DATE
> Task :app:checkDebugAarMetadata UP-TO-DATE
> Task :app:processDebugNavigationResources UP-TO-DATE
> Task :app:compileDebugNavigationResources UP-TO-DATE
> Task :app:generateDebugResValues UP-TO-DATE
> Task :app:mapDebugSourceSetPaths UP-TO-DATE
> Task :app:generateDebugResources UP-TO-DATE
> Task :app:mergeDebugResources UP-TO-DATE
> Task :app:packageDebugResources UP-TO-DATE
> Task :app:parseDebugLocalResources UP-TO-DATE
> Task :app:createDebugCompatibleScreenManifests UP-TO-DATE
> Task :app:extractDeepLinksDebug UP-TO-DATE
> Task :app:processDebugMainManifest UP-TO-DATE
> Task :app:processDebugManifest UP-TO-DATE
> Task :app:processDebugManifestForPackage UP-TO-DATE
> Task :app:processDebugResources UP-TO-DATE

> Task :app:compileDebugKotlin FAILED
.\gradlew.bat : e: fil
e:///C:/Users/Mallavar
apu%20Mahendra/Android
StudioProjects/CXTRIAG
EAI/app/src/main/java/
com/simats/cxtriageai/
ActionModels.kt:5:12 
Redeclaration:
At line:1 char:65
+ ... tudio\jbr"; 
.\gradlew.bat :app:com
pileDebugKotlin 
--console=plain > b 
...
+                 ~~~~
~~~~~~~~~~~~~~~~~~~~~~
~~~~~~~~~~~~~~~~~~~~~~
~~~~~~~~~
    + CategoryInfo    
          : NotSpeci  
  fied: (e: file://   
 /C:/U... Redeclar    
ation::String) []    
, RemoteException
    + FullyQualifiedE 
   rrorId : NativeCo  
  mmandError
 
data class 
CreateStudyResponse : 
Any
e: file:///C:/Users/Ma
llavarapu%20Mahendra/A
ndroidStudioProjects/C
XTRIAGEAI/app/src/main
/java/com/simats/cxtri
ageai/ActionModels.kt:
11:12 Redeclaration:
data class DistributeS
tudyResponse : Any
e: file:///C:/Users/Ma
llavarapu%20Mahendra/A
ndroidStudioProjects/C
XTRIAGEAI/app/src/main
/java/com/simats/cxtri
ageai/ScanHistoryModel
s.kt:3:12 
Redeclaration:
data class 
ScanHistoryItem : Any
e: file:///C:/Users/Ma
llavarapu%20Mahendra/A
ndroidStudioProjects/C
XTRIAGEAI/app/src/main
/java/com/simats/cxtri
ageai/StudyModels.kt:5
:12 Redeclaration:
data class 
CreateStudyResponse : 
Any
e: file:///C:/Users/Ma
llavarapu%20Mahendra/A
ndroidStudioProjects/C
XTRIAGEAI/app/src/main
/java/com/simats/cxtri
ageai/StudyModels.kt:1
1:12 Redeclaration:
data class DistributeS
tudyResponse : Any
e: file:///C:/Users/Ma
llavarapu%20Mahendra/A
ndroidStudioProjects/C
XTRIAGEAI/app/src/main
/java/com/simats/cxtri
ageai/TechnicianProfil
eModels.kt:31:12 
Redeclaration:
data class 
ScanHistoryItem : Any

FAILURE: Build failed 
with an exception.

* What went wrong:
Execution failed for 
task ':app:compileDebu
gKotlin'.
> A failure occurred 
while executing org.je
tbrains.kotlin.compile
rRunner.GradleCompiler
RunnerWithWorkers$Grad
leKotlinCompilerWorkAc
tion
   > Compilation 
error. See log for 
more details

* Try:
> Run with 
--stacktrace option 
to get the stack 
trace.
> Run with --info or 
--debug option to get 
more log output.
> Run with --scan to 
get full insights.
> Get more help at htt
ps://help.gradle.org.

BUILD FAILED in 5s
16 actionable tasks: 1 executed, 15 up-to-date
